app/build/intermediates/manifest_merge_blame_file/debug/manifest-merger-blame-debug-report.txt
1<?xml version="1.0" encoding="utf-8"?>
2<manifest xmlns:android="http://schemas.android.com/apk/res/android"
3    package="com.riskcare.app"
4    android:versionCode="3"
5    android:versionName="7.6" >
6
7    <uses-sdk
8        android:minSdkVersion="24"
9        android:targetSdkVersion="34" />
10
11    <!--
12         ═══════════════════════════════════════════════════════════════════════
13         PERMISSIONS — Location Tracking
14         ═══════════════════════════════════════════════════════════════════════
15    -->
16
17
18    <!-- Basic network -->
19    <uses-permission android:name="android.permission.INTERNET" />
19-->src\main\AndroidManifest.xml:10:5-67
19-->src\main\AndroidManifest.xml:10:22-64
20    <uses-permission android:name="android.permission.ACCESS_NETWORK_STATE" />
20-->src\main\AndroidManifest.xml:11:5-79
20-->src\main\AndroidManifest.xml:11:22-76
21
22    <!-- Location — foreground -->
23    <uses-permission android:name="android.permission.ACCESS_FINE_LOCATION" />
23-->src\main\AndroidManifest.xml:14:5-79
23-->src\main\AndroidManifest.xml:14:22-76
24    <uses-permission android:name="android.permission.ACCESS_COARSE_LOCATION" />
24-->src\main\AndroidManifest.xml:15:5-81
24-->src\main\AndroidManifest.xml:15:22-78
25
26    <!-- Foreground service (Android 9+ / targetSdk 34) -->
27    <uses-permission android:name="android.permission.FOREGROUND_SERVICE" />
27-->src\main\AndroidManifest.xml:18:5-77
27-->src\main\AndroidManifest.xml:18:22-74
28
29    <!-- Screen share foreground service (Android 14+ / targetSdk 34) -->
30    <uses-permission android:name="android.permission.FOREGROUND_SERVICE_MEDIA_PROJECTION" />
30-->src\main\AndroidManifest.xml:21:5-94
30-->src\main\AndroidManifest.xml:21:22-91
31
32    <!-- WakeLock — keep CPU alive during location upload & calls -->
33    <uses-permission android:name="android.permission.WAKE_LOCK" />
33-->src\main\AndroidManifest.xml:24:5-68
33-->src\main\AndroidManifest.xml:24:22-65
34
35    <!-- Battery optimization exemption -->
36    <!-- Camera / storage for profile photo & chat file sharing -->
37    <uses-permission android:name="android.permission.CAMERA" />
37-->src\main\AndroidManifest.xml:28:5-65
37-->src\main\AndroidManifest.xml:28:22-62
38    <uses-permission android:name="android.permission.READ_MEDIA_IMAGES" />
38-->src\main\AndroidManifest.xml:29:5-76
38-->src\main\AndroidManifest.xml:29:22-73
39    <uses-permission
39-->src\main\AndroidManifest.xml:30:5-107
40        android:name="android.permission.READ_EXTERNAL_STORAGE"
40-->src\main\AndroidManifest.xml:30:22-77
41        android:maxSdkVersion="32" />
41-->src\main\AndroidManifest.xml:30:78-104
42    <uses-permission
42-->src\main\AndroidManifest.xml:31:5-108
43        android:name="android.permission.WRITE_EXTERNAL_STORAGE"
43-->src\main\AndroidManifest.xml:31:22-78
44        android:maxSdkVersion="28" />
44-->src\main\AndroidManifest.xml:31:79-105
45
46    <!--
47         ═══════════════════════════════════════════════════════════════════════
48         PERMISSIONS — Voice / Video Calls (WebRTC)
49         ═══════════════════════════════════════════════════════════════════════
50    -->
51
52
53    <!-- Microphone — required for all voice & video calls -->
54    <uses-permission android:name="android.permission.RECORD_AUDIO" />
54-->src\main\AndroidManifest.xml:38:5-71
54-->src\main\AndroidManifest.xml:38:22-68
55
56    <!-- Audio routing (speaker / earpiece / Bluetooth headset) -->
57    <uses-permission android:name="android.permission.MODIFY_AUDIO_SETTINGS" />
57-->src\main\AndroidManifest.xml:41:5-80
57-->src\main\AndroidManifest.xml:41:22-77
58    <uses-permission android:name="android.permission.BLUETOOTH" />
58-->src\main\AndroidManifest.xml:42:5-68
58-->src\main\AndroidManifest.xml:42:22-65
59    <uses-permission android:name="android.permission.BLUETOOTH_CONNECT" />
59-->src\main\AndroidManifest.xml:43:5-76
59-->src\main\AndroidManifest.xml:43:22-73
60
61    <!-- Vibrate on incoming call notification -->
62    <uses-permission android:name="android.permission.VIBRATE" />
62-->src\main\AndroidManifest.xml:46:5-66
62-->src\main\AndroidManifest.xml:46:22-63
63
64    <!-- Push notifications (Android 13+) -->
65    <uses-permission android:name="android.permission.POST_NOTIFICATIONS" />
65-->src\main\AndroidManifest.xml:49:5-77
65-->src\main\AndroidManifest.xml:49:22-74
66
67    <uses-feature
67-->[com.google.android.gms:play-services-maps:18.2.0] AndroidManifest.xml:26:5-28:35
68        android:glEsVersion="0x00020000"
68-->[com.google.android.gms:play-services-maps:18.2.0] AndroidManifest.xml:27:9-41
69        android:required="true" />
69-->[com.google.android.gms:play-services-maps:18.2.0] AndroidManifest.xml:28:9-32
70
71    <queries>
71-->[com.google.android.gms:play-services-maps:18.2.0] AndroidManifest.xml:30:5-34:15
72
73        <!-- Needs to be explicitly declared on Android R+ -->
74        <package android:name="com.google.android.apps.maps" />
74-->[com.google.android.gms:play-services-maps:18.2.0] AndroidManifest.xml:33:9-64
74-->[com.google.android.gms:play-services-maps:18.2.0] AndroidManifest.xml:33:18-61
75    </queries> <!-- Required by older versions of Google Play services to create IID tokens -->
76    <uses-permission android:name="com.google.android.c2dm.permission.RECEIVE" />
76-->[com.google.firebase:firebase-messaging:23.4.1] AndroidManifest.xml:26:5-82
76-->[com.google.firebase:firebase-messaging:23.4.1] AndroidManifest.xml:26:22-79
77    <uses-permission android:name="android.permission.RECEIVE_BOOT_COMPLETED" />
77-->[androidx.work:work-runtime:2.9.1] AndroidManifest.xml:25:5-81
77-->[androidx.work:work-runtime:2.9.1] AndroidManifest.xml:25:22-78
78
79    <permission
79-->[androidx.core:core:1.12.0] AndroidManifest.xml:22:5-24:47
80        android:name="com.riskcare.app.DYNAMIC_RECEIVER_NOT_EXPORTED_PERMISSION"
80-->[androidx.core:core:1.12.0] AndroidManifest.xml:23:9-81
81        android:protectionLevel="signature" />
81-->[androidx.core:core:1.12.0] AndroidManifest.xml:24:9-44
82
83    <uses-permission android:name="com.riskcare.app.DYNAMIC_RECEIVER_NOT_EXPORTED_PERMISSION" />
83-->[androidx.core:core:1.12.0] AndroidManifest.xml:26:5-97
83-->[androidx.core:core:1.12.0] AndroidManifest.xml:26:22-94
84
85    <application
85-->src\main\AndroidManifest.xml:51:5-144:19
86        android:allowBackup="false"
86-->src\main\AndroidManifest.xml:52:9-36
87        android:appComponentFactory="androidx.core.app.CoreComponentFactory"
87-->[androidx.core:core:1.12.0] AndroidManifest.xml:28:18-86
88        android:debuggable="true"
89        android:enableOnBackInvokedCallback="true"
89-->src\main\AndroidManifest.xml:59:9-51
90        android:extractNativeLibs="false"
91        android:icon="@mipmap/ic_launcher"
91-->src\main\AndroidManifest.xml:53:9-43
92        android:label="@string/app_name"
92-->src\main\AndroidManifest.xml:54:9-41
93        android:roundIcon="@mipmap/ic_launcher_round"
93-->src\main\AndroidManifest.xml:55:9-54
94        android:supportsRtl="true"
94-->src\main\AndroidManifest.xml:56:9-35
95        android:theme="@style/Theme.RiskcareHRMS"
95-->src\main\AndroidManifest.xml:57:9-50
96        android:usesCleartextTraffic="true" >
96-->src\main\AndroidManifest.xml:58:9-44
97
98        <!-- ══ Activities ══════════════════════════════════════════════════════ -->
99
100        <activity
100-->src\main\AndroidManifest.xml:63:9-71:20
101            android:name="com.riskcare.app.ui.SplashActivity"
101-->src\main\AndroidManifest.xml:64:13-46
102            android:exported="true"
102-->src\main\AndroidManifest.xml:65:13-36
103            android:theme="@style/Theme.RiskcareHRMS.Splash" >
103-->src\main\AndroidManifest.xml:66:13-61
104            <intent-filter>
104-->src\main\AndroidManifest.xml:67:13-70:29
105                <action android:name="android.intent.action.MAIN" />
105-->src\main\AndroidManifest.xml:68:17-69
105-->src\main\AndroidManifest.xml:68:25-66
106
107                <category android:name="android.intent.category.LAUNCHER" />
107-->src\main\AndroidManifest.xml:69:17-77
107-->src\main\AndroidManifest.xml:69:27-74
108            </intent-filter>
109        </activity>
110        <activity
110-->src\main\AndroidManifest.xml:73:9-76:58
111            android:name="com.riskcare.app.ui.login.LoginActivity"
111-->src\main\AndroidManifest.xml:74:13-51
112            android:exported="false"
112-->src\main\AndroidManifest.xml:75:13-37
113            android:windowSoftInputMode="adjustResize" />
113-->src\main\AndroidManifest.xml:76:13-55
114        <activity
114-->src\main\AndroidManifest.xml:78:9-89:20
115            android:name="com.riskcare.app.ui.MainActivity"
115-->src\main\AndroidManifest.xml:79:13-44
116            android:exported="true"
116-->src\main\AndroidManifest.xml:80:13-36
117            android:launchMode="singleTop"
117-->src\main\AndroidManifest.xml:81:13-43
118            android:windowSoftInputMode="adjustResize" >
118-->src\main\AndroidManifest.xml:82:13-55
119            <intent-filter>
119-->src\main\AndroidManifest.xml:83:13-88:29
120                <action android:name="android.intent.action.VIEW" />
120-->src\main\AndroidManifest.xml:84:17-69
120-->src\main\AndroidManifest.xml:84:25-66
121
122                <category android:name="android.intent.category.DEFAULT" />
122-->src\main\AndroidManifest.xml:85:17-76
122-->src\main\AndroidManifest.xml:85:27-73
123                <category android:name="android.intent.category.BROWSABLE" />
123-->src\main\AndroidManifest.xml:86:17-78
123-->src\main\AndroidManifest.xml:86:27-75
124
125                <data android:scheme="riskcarehr" />
125-->src\main\AndroidManifest.xml:87:17-53
125-->src\main\AndroidManifest.xml:87:23-50
126            </intent-filter>
127        </activity>
128
129        <!-- ══ OD auto-stop alarm receiver ════════════════════════════════════ -->
130        <receiver
130-->src\main\AndroidManifest.xml:92:9-98:20
131            android:name="com.riskcare.app.service.OdStopReceiver"
131-->src\main\AndroidManifest.xml:93:13-51
132            android:exported="false" >
132-->src\main\AndroidManifest.xml:94:13-37
133            <intent-filter>
133-->src\main\AndroidManifest.xml:95:13-97:29
134                <action android:name="com.riskcare.app.OD_STOP" />
134-->src\main\AndroidManifest.xml:96:17-67
134-->src\main\AndroidManifest.xml:96:25-64
135            </intent-filter>
136        </receiver>
137
138        <!-- ══ FileProvider — exposes cached files to viewer apps ══════════ -->
139        <provider
140            android:name="androidx.core.content.FileProvider"
140-->src\main\AndroidManifest.xml:102:13-62
141            android:authorities="com.riskcare.app.fileprovider"
141-->src\main\AndroidManifest.xml:103:13-64
142            android:exported="false"
142-->src\main\AndroidManifest.xml:104:13-37
143            android:grantUriPermissions="true" >
143-->src\main\AndroidManifest.xml:105:13-47
144            <meta-data
144-->src\main\AndroidManifest.xml:106:13-108:54
145                android:name="android.support.FILE_PROVIDER_PATHS"
145-->src\main\AndroidManifest.xml:107:17-67
146                android:resource="@xml/file_paths" />
146-->src\main\AndroidManifest.xml:108:17-51
147        </provider>
148
149        <!-- ══ Google Maps API key ════════════════════════════════════════════ -->
150        <meta-data
150-->src\main\AndroidManifest.xml:112:9-114:71
151            android:name="com.google.android.geo.API_KEY"
151-->src\main\AndroidManifest.xml:113:13-58
152            android:value="AIzaSyDDQDYyVMhS5UWkzuW403F1ilKfxd2yETM" />
152-->src\main\AndroidManifest.xml:114:13-68
153        <!--
154             ⚠️  To change Maps API key: update GOOGLE_MAPS_API_KEY in Android_main.kt
155                  AND update the android:value above (XML cannot reference Kotlin constants)
156        -->
157
158
159        <!-- ══ UCrop — image cropping activity (profile photo) ══════════════ -->
160        <activity
160-->src\main\AndroidManifest.xml:119:9-122:72
161            android:name="com.yalantis.ucrop.UCropActivity"
161-->src\main\AndroidManifest.xml:120:13-60
162            android:screenOrientation="portrait"
162-->src\main\AndroidManifest.xml:121:13-49
163            android:theme="@style/Theme.AppCompat.Light.NoActionBar" />
163-->src\main\AndroidManifest.xml:122:13-69
164
165        <!-- ══ LocationTrackingService — foreground GPS service ══════════════ -->
166        <service
166-->src\main\AndroidManifest.xml:125:9-128:43
167            android:name="com.riskcare.app.service.LocationTrackingService"
167-->src\main\AndroidManifest.xml:126:13-60
168            android:exported="false"
168-->src\main\AndroidManifest.xml:127:13-37
169            android:stopWithTask="true" />
169-->src\main\AndroidManifest.xml:128:13-40
170
171        <!-- ══ WorkManager — offline sync + OD check workers ════════════════ -->
172        <service
172-->src\main\AndroidManifest.xml:131:9-133:34
173            android:name="androidx.work.impl.foreground.SystemForegroundService"
173-->src\main\AndroidManifest.xml:132:13-81
174            android:directBootAware="false"
174-->[androidx.work:work-runtime:2.9.1] AndroidManifest.xml:55:13-44
175            android:enabled="@bool/enable_system_foreground_service_default"
175-->[androidx.work:work-runtime:2.9.1] AndroidManifest.xml:56:13-77
176            android:exported="false" />
176-->[androidx.work:work-runtime:2.9.1] AndroidManifest.xml:57:13-37
177
178        <!-- ══ Firebase Cloud Messaging — push notifications ═════════════════ -->
179        <service
179-->src\main\AndroidManifest.xml:136:9-142:19
180            android:name="com.riskcare.app.service.RiskcareFirebaseMessagingService"
180-->src\main\AndroidManifest.xml:137:13-69
181            android:exported="false" >
181-->src\main\AndroidManifest.xml:138:13-37
182            <intent-filter>
182-->src\main\AndroidManifest.xml:139:13-141:29
183                <action android:name="com.google.firebase.MESSAGING_EVENT" />
183-->src\main\AndroidManifest.xml:140:17-78
183-->src\main\AndroidManifest.xml:140:25-75
184            </intent-filter>
185        </service>
186
187        <!-- Needs to be explicitly declared on P+ -->
188        <uses-library
188-->[com.google.android.gms:play-services-maps:18.2.0] AndroidManifest.xml:39:9-41:40
189            android:name="org.apache.http.legacy"
189-->[com.google.android.gms:play-services-maps:18.2.0] AndroidManifest.xml:40:13-50
190            android:required="false" />
190-->[com.google.android.gms:play-services-maps:18.2.0] AndroidManifest.xml:41:13-37
191
192        <service
192-->[com.google.firebase:firebase-messaging-ktx:23.4.1] AndroidManifest.xml:23:9-29:19
193            android:name="com.google.firebase.components.ComponentDiscoveryService"
193-->[com.google.firebase:firebase-messaging-ktx:23.4.1] AndroidManifest.xml:24:13-84
194            android:directBootAware="true"
194-->[com.google.firebase:firebase-common:20.4.2] AndroidManifest.xml:32:13-43
195            android:exported="false" >
195-->[com.google.firebase:firebase-messaging-ktx:23.4.1] AndroidManifest.xml:25:13-37
196            <meta-data
196-->[com.google.firebase:firebase-messaging-ktx:23.4.1] AndroidManifest.xml:26:13-28:85
197                android:name="com.google.firebase.components:com.google.firebase.messaging.ktx.FirebaseMessagingLegacyRegistrar"
197-->[com.google.firebase:firebase-messaging-ktx:23.4.1] AndroidManifest.xml:27:17-129
198                android:value="com.google.firebase.components.ComponentRegistrar" />
198-->[com.google.firebase:firebase-messaging-ktx:23.4.1] AndroidManifest.xml:28:17-82
199            <meta-data
199-->[com.google.firebase:firebase-messaging:23.4.1] AndroidManifest.xml:57:13-59:85
200                android:name="com.google.firebase.components:com.google.firebase.messaging.FirebaseMessagingKtxRegistrar"
200-->[com.google.firebase:firebase-messaging:23.4.1] AndroidManifest.xml:58:17-122
201                android:value="com.google.firebase.components.ComponentRegistrar" />
201-->[com.google.firebase:firebase-messaging:23.4.1] AndroidManifest.xml:59:17-82
202            <meta-data
202-->[com.google.firebase:firebase-messaging:23.4.1] AndroidManifest.xml:60:13-62:85
203                android:name="com.google.firebase.components:com.google.firebase.messaging.FirebaseMessagingRegistrar"
203-->[com.google.firebase:firebase-messaging:23.4.1] AndroidManifest.xml:61:17-119
204                android:value="com.google.firebase.components.ComponentRegistrar" />
204-->[com.google.firebase:firebase-messaging:23.4.1] AndroidManifest.xml:62:17-82
205            <meta-data
205-->[com.google.firebase:firebase-installations:17.2.0] AndroidManifest.xml:15:13-17:85
206                android:name="com.google.firebase.components:com.google.firebase.installations.FirebaseInstallationsKtxRegistrar"
206-->[com.google.firebase:firebase-installations:17.2.0] AndroidManifest.xml:16:17-130
207                android:value="com.google.firebase.components.ComponentRegistrar" />
207-->[com.google.firebase:firebase-installations:17.2.0] AndroidManifest.xml:17:17-82
208            <meta-data
208-->[com.google.firebase:firebase-installations:17.2.0] AndroidManifest.xml:18:13-20:85
209                android:name="com.google.firebase.components:com.google.firebase.installations.FirebaseInstallationsRegistrar"
209-->[com.google.firebase:firebase-installations:17.2.0] AndroidManifest.xml:19:17-127
210                android:value="com.google.firebase.components.ComponentRegistrar" />
210-->[com.google.firebase:firebase-installations:17.2.0] AndroidManifest.xml:20:17-82
211            <meta-data
211-->[com.google.firebase:firebase-common-ktx:20.4.2] AndroidManifest.xml:12:13-14:85
212                android:name="com.google.firebase.components:com.google.firebase.ktx.FirebaseCommonLegacyRegistrar"
212-->[com.google.firebase:firebase-common-ktx:20.4.2] AndroidManifest.xml:13:17-116
213                android:value="com.google.firebase.components.ComponentRegistrar" />
213-->[com.google.firebase:firebase-common-ktx:20.4.2] AndroidManifest.xml:14:17-82
214            <meta-data
214-->[com.google.firebase:firebase-common:20.4.2] AndroidManifest.xml:35:13-37:85
215                android:name="com.google.firebase.components:com.google.firebase.FirebaseCommonKtxRegistrar"
215-->[com.google.firebase:firebase-common:20.4.2] AndroidManifest.xml:36:17-109
216                android:value="com.google.firebase.components.ComponentRegistrar" />
216-->[com.google.firebase:firebase-common:20.4.2] AndroidManifest.xml:37:17-82
217            <meta-data
217-->[com.google.firebase:firebase-datatransport:18.1.7] AndroidManifest.xml:27:13-29:85
218                android:name="com.google.firebase.components:com.google.firebase.datatransport.TransportRegistrar"
218-->[com.google.firebase:firebase-datatransport:18.1.7] AndroidManifest.xml:28:17-115
219                android:value="com.google.firebase.components.ComponentRegistrar" />
219-->[com.google.firebase:firebase-datatransport:18.1.7] AndroidManifest.xml:29:17-82
220        </service>
221
222        <receiver
222-->[com.google.firebase:firebase-messaging:23.4.1] AndroidManifest.xml:29:9-40:20
223            android:name="com.google.firebase.iid.FirebaseInstanceIdReceiver"
223-->[com.google.firebase:firebase-messaging:23.4.1] AndroidManifest.xml:30:13-78
224            android:exported="true"
224-->[com.google.firebase:firebase-messaging:23.4.1] AndroidManifest.xml:31:13-36
225            android:permission="com.google.android.c2dm.permission.SEND" >
225-->[com.google.firebase:firebase-messaging:23.4.1] AndroidManifest.xml:32:13-73
226            <intent-filter>
226-->[com.google.firebase:firebase-messaging:23.4.1] AndroidManifest.xml:33:13-35:29
227                <action android:name="com.google.android.c2dm.intent.RECEIVE" />
227-->[com.google.firebase:firebase-messaging:23.4.1] AndroidManifest.xml:34:17-81
227-->[com.google.firebase:firebase-messaging:23.4.1] AndroidManifest.xml:34:25-78
228            </intent-filter>
229
230            <meta-data
230-->[com.google.firebase:firebase-messaging:23.4.1] AndroidManifest.xml:37:13-39:40
231                android:name="com.google.android.gms.cloudmessaging.FINISHED_AFTER_HANDLED"
231-->[com.google.firebase:firebase-messaging:23.4.1] AndroidManifest.xml:38:17-92
232                android:value="true" />
232-->[com.google.firebase:firebase-messaging:23.4.1] AndroidManifest.xml:39:17-37
233        </receiver>
234        <!--
235             FirebaseMessagingService performs security checks at runtime,
236             but set to not exported to explicitly avoid allowing another app to call it.
237        -->
238        <service
238-->[com.google.firebase:firebase-messaging:23.4.1] AndroidManifest.xml:46:9-53:19
239            android:name="com.google.firebase.messaging.FirebaseMessagingService"
239-->[com.google.firebase:firebase-messaging:23.4.1] AndroidManifest.xml:47:13-82
240            android:directBootAware="true"
240-->[com.google.firebase:firebase-messaging:23.4.1] AndroidManifest.xml:48:13-43
241            android:exported="false" >
241-->[com.google.firebase:firebase-messaging:23.4.1] AndroidManifest.xml:49:13-37
242            <intent-filter android:priority="-500" >
242-->src\main\AndroidManifest.xml:139:13-141:29
243                <action android:name="com.google.firebase.MESSAGING_EVENT" />
243-->src\main\AndroidManifest.xml:140:17-78
243-->src\main\AndroidManifest.xml:140:25-75
244            </intent-filter>
245        </service>
246
247        <activity
247-->[com.google.android.gms:play-services-base:18.3.0] AndroidManifest.xml:20:9-22:45
248            android:name="com.google.android.gms.common.api.GoogleApiActivity"
248-->[com.google.android.gms:play-services-base:18.3.0] AndroidManifest.xml:20:19-85
249            android:exported="false"
249-->[com.google.android.gms:play-services-base:18.3.0] AndroidManifest.xml:22:19-43
250            android:theme="@android:style/Theme.Translucent.NoTitleBar" />
250-->[com.google.android.gms:play-services-base:18.3.0] AndroidManifest.xml:21:19-78
251
252        <provider
252-->[androidx.emoji2:emoji2:1.2.0] AndroidManifest.xml:24:9-32:20
253            android:name="androidx.startup.InitializationProvider"
253-->[androidx.emoji2:emoji2:1.2.0] AndroidManifest.xml:25:13-67
254            android:authorities="com.riskcare.app.androidx-startup"
254-->[androidx.emoji2:emoji2:1.2.0] AndroidManifest.xml:26:13-68
255            android:exported="false" >
255-->[androidx.emoji2:emoji2:1.2.0] AndroidManifest.xml:27:13-37
256            <meta-data
256-->[androidx.emoji2:emoji2:1.2.0] AndroidManifest.xml:29:13-31:52
257                android:name="androidx.emoji2.text.EmojiCompatInitializer"
257-->[androidx.emoji2:emoji2:1.2.0] AndroidManifest.xml:30:17-75
258                android:value="androidx.startup" />
258-->[androidx.emoji2:emoji2:1.2.0] AndroidManifest.xml:31:17-49
259            <meta-data
259-->[androidx.work:work-runtime:2.9.1] AndroidManifest.xml:34:13-36:52
260                android:name="androidx.work.WorkManagerInitializer"
260-->[androidx.work:work-runtime:2.9.1] AndroidManifest.xml:35:17-68
261                android:value="androidx.startup" />
261-->[androidx.work:work-runtime:2.9.1] AndroidManifest.xml:36:17-49
262            <meta-data
262-->[androidx.lifecycle:lifecycle-process:2.7.0] AndroidManifest.xml:29:13-31:52
263                android:name="androidx.lifecycle.ProcessLifecycleInitializer"
263-->[androidx.lifecycle:lifecycle-process:2.7.0] AndroidManifest.xml:30:17-78
264                android:value="androidx.startup" />
264-->[androidx.lifecycle:lifecycle-process:2.7.0] AndroidManifest.xml:31:17-49
265            <meta-data
265-->[androidx.profileinstaller:profileinstaller:1.3.0] AndroidManifest.xml:29:13-31:52
266                android:name="androidx.profileinstaller.ProfileInstallerInitializer"
266-->[androidx.profileinstaller:profileinstaller:1.3.0] AndroidManifest.xml:30:17-85
267                android:value="androidx.startup" />
267-->[androidx.profileinstaller:profileinstaller:1.3.0] AndroidManifest.xml:31:17-49
268        </provider>
269
270        <service
270-->[androidx.work:work-runtime:2.9.1] AndroidManifest.xml:39:9-45:35
271            android:name="androidx.work.impl.background.systemalarm.SystemAlarmService"
271-->[androidx.work:work-runtime:2.9.1] AndroidManifest.xml:40:13-88
272            android:directBootAware="false"
272-->[androidx.work:work-runtime:2.9.1] AndroidManifest.xml:41:13-44
273            android:enabled="@bool/enable_system_alarm_service_default"
273-->[androidx.work:work-runtime:2.9.1] AndroidManifest.xml:42:13-72
274            android:exported="false" />
274-->[androidx.work:work-runtime:2.9.1] AndroidManifest.xml:43:13-37
275        <service
275-->[androidx.work:work-runtime:2.9.1] AndroidManifest.xml:46:9-52:35
276            android:name="androidx.work.impl.background.systemjob.SystemJobService"
276-->[androidx.work:work-runtime:2.9.1] AndroidManifest.xml:47:13-84
277            android:directBootAware="false"
277-->[androidx.work:work-runtime:2.9.1] AndroidManifest.xml:48:13-44
278            android:enabled="@bool/enable_system_job_service_default"
278-->[androidx.work:work-runtime:2.9.1] AndroidManifest.xml:49:13-70
279            android:exported="true"
279-->[androidx.work:work-runtime:2.9.1] AndroidManifest.xml:50:13-36
280            android:permission="android.permission.BIND_JOB_SERVICE" />
280-->[androidx.work:work-runtime:2.9.1] AndroidManifest.xml:51:13-69
281
282        <receiver
282-->[androidx.work:work-runtime:2.9.1] AndroidManifest.xml:61:9-66:35
283            android:name="androidx.work.impl.utils.ForceStopRunnable$BroadcastReceiver"
283-->[androidx.work:work-runtime:2.9.1] AndroidManifest.xml:62:13-88
284            android:directBootAware="false"
284-->[androidx.work:work-runtime:2.9.1] AndroidManifest.xml:63:13-44
285            android:enabled="true"
285-->[androidx.work:work-runtime:2.9.1] AndroidManifest.xml:64:13-35
286            android:exported="false" />
286-->[androidx.work:work-runtime:2.9.1] AndroidManifest.xml:65:13-37
287        <receiver
287-->[androidx.work:work-runtime:2.9.1] AndroidManifest.xml:67:9-77:20
288            android:name="androidx.work.impl.background.systemalarm.ConstraintProxy$BatteryChargingProxy"
288-->[androidx.work:work-runtime:2.9.1] AndroidManifest.xml:68:13-106
289            android:directBootAware="false"
289-->[androidx.work:work-runtime:2.9.1] AndroidManifest.xml:69:13-44
290            android:enabled="false"
290-->[androidx.work:work-runtime:2.9.1] AndroidManifest.xml:70:13-36
291            android:exported="false" >
291-->[androidx.work:work-runtime:2.9.1] AndroidManifest.xml:71:13-37
292            <intent-filter>
292-->[androidx.work:work-runtime:2.9.1] AndroidManifest.xml:73:13-76:29
293                <action android:name="android.intent.action.ACTION_POWER_CONNECTED" />
293-->[androidx.work:work-runtime:2.9.1] AndroidManifest.xml:74:17-87
293-->[androidx.work:work-runtime:2.9.1] AndroidManifest.xml:74:25-84
294                <action android:name="android.intent.action.ACTION_POWER_DISCONNECTED" />
294-->[androidx.work:work-runtime:2.9.1] AndroidManifest.xml:75:17-90
294-->[androidx.work:work-runtime:2.9.1] AndroidManifest.xml:75:25-87
295            </intent-filter>
296        </receiver>
297        <receiver
297-->[androidx.work:work-runtime:2.9.1] AndroidManifest.xml:78:9-88:20
298            android:name="androidx.work.impl.background.systemalarm.ConstraintProxy$BatteryNotLowProxy"
298-->[androidx.work:work-runtime:2.9.1] AndroidManifest.xml:79:13-104
299            android:directBootAware="false"
299-->[androidx.work:work-runtime:2.9.1] AndroidManifest.xml:80:13-44
300            android:enabled="false"
300-->[androidx.work:work-runtime:2.9.1] AndroidManifest.xml:81:13-36
301            android:exported="false" >
301-->[androidx.work:work-runtime:2.9.1] AndroidManifest.xml:82:13-37
302            <intent-filter>
302-->[androidx.work:work-runtime:2.9.1] AndroidManifest.xml:84:13-87:29
303                <action android:name="android.intent.action.BATTERY_OKAY" />
303-->[androidx.work:work-runtime:2.9.1] AndroidManifest.xml:85:17-77
303-->[androidx.work:work-runtime:2.9.1] AndroidManifest.xml:85:25-74
304                <action android:name="android.intent.action.BATTERY_LOW" />
304-->[androidx.work:work-runtime:2.9.1] AndroidManifest.xml:86:17-76
304-->[androidx.work:work-runtime:2.9.1] AndroidManifest.xml:86:25-73
305            </intent-filter>
306        </receiver>
307        <receiver
307-->[androidx.work:work-runtime:2.9.1] AndroidManifest.xml:89:9-99:20
308            android:name="androidx.work.impl.background.systemalarm.ConstraintProxy$StorageNotLowProxy"
308-->[androidx.work:work-runtime:2.9.1] AndroidManifest.xml:90:13-104
309            android:directBootAware="false"
309-->[androidx.work:work-runtime:2.9.1] AndroidManifest.xml:91:13-44
310            android:enabled="false"
310-->[androidx.work:work-runtime:2.9.1] AndroidManifest.xml:92:13-36
311            android:exported="false" >
311-->[androidx.work:work-runtime:2.9.1] AndroidManifest.xml:93:13-37
312            <intent-filter>
312-->[androidx.work:work-runtime:2.9.1] AndroidManifest.xml:95:13-98:29
313                <action android:name="android.intent.action.DEVICE_STORAGE_LOW" />
313-->[androidx.work:work-runtime:2.9.1] AndroidManifest.xml:96:17-83
313-->[androidx.work:work-runtime:2.9.1] AndroidManifest.xml:96:25-80
314                <action android:name="android.intent.action.DEVICE_STORAGE_OK" />
314-->[androidx.work:work-runtime:2.9.1] AndroidManifest.xml:97:17-82
314-->[androidx.work:work-runtime:2.9.1] AndroidManifest.xml:97:25-79
315            </intent-filter>
316        </receiver>
317        <receiver
317-->[androidx.work:work-runtime:2.9.1] AndroidManifest.xml:100:9-109:20